This file contains any messages produced by compilers while
running configure, to aid debugging if configure makes a mistake.

It was created by DTD  1.0.0, which was
generated by GNU Autoconf 2.69.  Invocation command line was

  $ ./configure 

## --------- ##
## Platform. ##
## --------- ##

hostname = wlanhome183184.uni-regensburg.de
uname -m = x86_64
uname -r = 19.0.0
uname -s = Darwin
uname -v = Darwin Kernel Version 19.0.0: Thu Oct 17 16:17:15 PDT 2019; root:xnu-6153.41.3~29/RELEASE_X86_64

/usr/bin/uname -p = i386
/bin/uname -X     = unknown

/bin/arch              = unknown
/usr/bin/arch -k       = unknown
/usr/convex/getsysinfo = unknown
/usr/bin/hostinfo      = Mach kernel version:
	 Darwin Kernel Version 19.0.0: Thu Oct 17 16:17:15 PDT 2019; root:xnu-6153.41.3~29/RELEASE_X86_64
Kernel configured for up to 8 processors.
4 processors are physically available.
8 processors are logically available.
Processor type: x86_64h (Intel x86-64h Haswell)
Processors active: 0 1 2 3 4 5 6 7
Primary memory available: 16.00 gigabytes
Default processor set: 483 tasks, 2128 threads, 8 processors
Load average: 1.82, Mach factor: 6.17
/bin/machine           = unknown
/usr/bin/oslevel       = unknown
/bin/universe          = unknown

PATH: /usr/bin
PATH: /bin
PATH: /usr/sbin
PATH: /sbin
PATH: /usr/local/bin
PATH: /Library/TeX/texbin


## ----------- ##
## Core tests. ##
## ----------- ##

:1841: checking for git
:1857: found /usr/bin/git
:1869: result: yes
:1880: checking for git
:1898: found /usr/bin/git
:1910: result: /usr/bin/git
:1918: checking out / updating eigen...
:1988: checking for gcc
:2015: result: clang
:2244: checking for C compiler version
:2253: clang --version >&5
Apple clang version 11.0.0 (clang-1100.0.33.8)
Target: x86_64-apple-darwin19.0.0
Thread model: posix
InstalledDir: /Library/Developer/CommandLineTools/usr/bin
:2264: $? = 0
:2253: clang -v >&5
Apple clang version 11.0.0 (clang-1100.0.33.8)
Target: x86_64-apple-darwin19.0.0
Thread model: posix
InstalledDir: /Library/Developer/CommandLineTools/usr/bin
:2264: $? = 0
:2253: clang -V >&5
clang: error: unsupported option '-V -Wno-framework-include-private-from-public'
clang: error: no input files
:2264: $? = 1
:2253: clang -qversion >&5
clang: error: unknown argument '-qversion', did you mean '--version'?
clang: error: no input files
:2264: $? = 1
:2284: checking whether the C compiler works
:2306: clang -Wall -g -O2 -I/usr/local/include  conftest.c  >&5
:2310: $? = 0
:2358: result: yes
:2361: checking for C compiler default output file name
:2363: result: a.out
:2369: checking for suffix of executables
:2376: clang -o conftest -Wall -g -O2 -I/usr/local/include  conftest.c  >&5
:2380: $? = 0
:2402: result: 
:2424: checking whether we are cross compiling
:2432: clang -o conftest -Wall -g -O2 -I/usr/local/include  conftest.c  >&5
:2436: $? = 0
:2443: ./conftest
:2447: $? = 0
:2462: result: no
:2467: checking for suffix of object files
:2489: clang -c -Wall -g -O2 -I/usr/local/include conftest.c >&5
:2493: $? = 0
:2514: result: o
:2518: checking whether we are using the GNU C compiler
:2537: clang -c -Wall -g -O2 -I/usr/local/include conftest.c >&5
:2537: $? = 0
:2546: result: yes
:2555: checking whether clang accepts -g
:2575: clang -c -g -I/usr/local/include conftest.c >&5
:2575: $? = 0
:2616: result: yes
:2633: checking for clang option to accept ISO C89
:2696: clang  -c -Wall -g -O2 -I/usr/local/include conftest.c >&5
:2696: $? = 0
:2709: result: none needed
:2734: checking how to run the C preprocessor
:2804: result: clang -E
:2824: clang -E -I/usr/local/include conftest.c
:2824: $? = 0
:2838: clang -E -I/usr/local/include conftest.c
conftest.c:9:10: fatal error: 'ac_nonexistent.h' file not found
#include <ac_nonexistent.h>
         ^~~~~~~~~~~~~~~~~~
1 error generated.
:2838: $? = 1
: failed program was:
| /* confdefs.h */
| #define PACKAGE_NAME "DTD"
| #define PACKAGE_TARNAME "dtd"
| #define PACKAGE_VERSION "1.0.0"
| #define PACKAGE_STRING "DTD 1.0.0"
| #define PACKAGE_BUGREPORT ""
| #define PACKAGE_URL ""
| /* end confdefs.h.  */
| #include <ac_nonexistent.h>
:2933: checking for g++
:2949: found /usr/bin/g++
:2960: result: g++
:2987: checking for C++ compiler version
:2996: g++ --version >&5
Apple clang version 11.0.0 (clang-1100.0.33.8)
Target: x86_64-apple-darwin19.0.0
Thread model: posix
InstalledDir: /Library/Developer/CommandLineTools/usr/bin
Configured with: --prefix=/Library/Developer/CommandLineTools/usr --with-gxx-include-dir=/Library/Developer/CommandLineTools/SDKs/MacOSX.sdk/usr/include/c++/4.2.1
:3007: $? = 0
:2996: g++ -v >&5
Configured with: --prefix=/Library/Developer/CommandLineTools/usr --with-gxx-include-dir=/Library/Developer/CommandLineTools/SDKs/MacOSX.sdk/usr/include/c++/4.2.1
Apple clang version 11.0.0 (clang-1100.0.33.8)
Target: x86_64-apple-darwin19.0.0
Thread model: posix
InstalledDir: /Library/Developer/CommandLineTools/usr/bin
:3007: $? = 0
:2996: g++ -V >&5
clang: error: unsupported option '-V -Wno-framework-include-private-from-public'
clang: error: no input files
:3007: $? = 1
:2996: g++ -qversion >&5
clang: error: unknown argument '-qversion', did you mean '--version'?
clang: error: no input files
:3007: $? = 1
:3011: checking whether we are using the GNU C++ compiler
:3030: g++ -c  -I/usr/local/include conftest.cpp >&5
:3030: $? = 0
:3039: result: yes
:3048: checking whether g++ accepts -g
:3068: g++ -c -g -I/usr/local/include conftest.cpp >&5
:3068: $? = 0
:3109: result: yes
:3141: checking for g++ option to support OpenMP
:3156: g++ -o conftest -g -O2 -I/usr/local/include  conftest.cpp  -L/Library/Frameworks/R.framework/Resources/lib -lRblas >&5
conftest.cpp:11:2: error: unknown type name 'choke'
 choke me
 ^
conftest.cpp:13:10: fatal error: 'omp.h' file not found
#include <omp.h>
         ^~~~~~~
2 errors generated.
:3156: $? = 1
: failed program was:
| /* confdefs.h */
| #define PACKAGE_NAME "DTD"
| #define PACKAGE_TARNAME "dtd"
| #define PACKAGE_VERSION "1.0.0"
| #define PACKAGE_STRING "DTD 1.0.0"
| #define PACKAGE_BUGREPORT ""
| #define PACKAGE_URL ""
| /* end confdefs.h.  */
| 
| #ifndef _OPENMP
|  choke me
| #endif
| #include <omp.h>
| int main () { return omp_get_num_threads (); }
| 
:3174: g++ -o conftest -g -O2 -fopenmp -I/usr/local/include  conftest.cpp  -L/Library/Frameworks/R.framework/Resources/lib -lRblas >&5
clang: error: unsupported option '-fopenmp'
clang: error: unsupported option '-fopenmp'
:3174: $? = 1
: failed program was:
| /* confdefs.h */
| #define PACKAGE_NAME "DTD"
| #define PACKAGE_TARNAME "dtd"
| #define PACKAGE_VERSION "1.0.0"
| #define PACKAGE_STRING "DTD 1.0.0"
| #define PACKAGE_BUGREPORT ""
| #define PACKAGE_URL ""
| /* end confdefs.h.  */
| 
| #ifndef _OPENMP
|  choke me
| #endif
| #include <omp.h>
| int main () { return omp_get_num_threads (); }
| 
:3174: g++ -o conftest -g -O2 -xopenmp -I/usr/local/include  conftest.cpp  -L/Library/Frameworks/R.framework/Resources/lib -lRblas >&5
clang: error: language not recognized: 'openmp'
:3174: $? = 1
: failed program was:
| /* confdefs.h */
| #define PACKAGE_NAME "DTD"
| #define PACKAGE_TARNAME "dtd"
| #define PACKAGE_VERSION "1.0.0"
| #define PACKAGE_STRING "DTD 1.0.0"
| #define PACKAGE_BUGREPORT ""
| #define PACKAGE_URL ""
| /* end confdefs.h.  */
| 
| #ifndef _OPENMP
|  choke me
| #endif
| #include <omp.h>
| int main () { return omp_get_num_threads (); }
| 
:3174: g++ -o conftest -g -O2 -openmp -I/usr/local/include  conftest.cpp  -L/Library/Frameworks/R.framework/Resources/lib -lRblas >&5
conftest.cpp:11:2: error: unknown type name 'choke'
 choke me
 ^
conftest.cpp:13:10: fatal error: 'omp.h' file not found
#include <omp.h>
         ^~~~~~~
2 errors generated.
:3174: $? = 1
: failed program was:
| /* confdefs.h */
| #define PACKAGE_NAME "DTD"
| #define PACKAGE_TARNAME "dtd"
| #define PACKAGE_VERSION "1.0.0"
| #define PACKAGE_STRING "DTD 1.0.0"
| #define PACKAGE_BUGREPORT ""
| #define PACKAGE_URL ""
| /* end confdefs.h.  */
| 
| #ifndef _OPENMP
|  choke me
| #endif
| #include <omp.h>
| int main () { return omp_get_num_threads (); }
| 
:3174: g++ -o conftest -g -O2 -mp -I/usr/local/include  conftest.cpp  -L/Library/Frameworks/R.framework/Resources/lib -lRblas >&5
clang: error: unknown argument '-mp', did you mean '-mtp='?
:3174: $? = 1
: failed program was:
| /* confdefs.h */
| #define PACKAGE_NAME "DTD"
| #define PACKAGE_TARNAME "dtd"
| #define PACKAGE_VERSION "1.0.0"
| #define PACKAGE_STRING "DTD 1.0.0"
| #define PACKAGE_BUGREPORT ""
| #define PACKAGE_URL ""
| /* end confdefs.h.  */
| 
| #ifndef _OPENMP
|  choke me
| #endif
| #include <omp.h>
| int main () { return omp_get_num_threads (); }
| 
:3174: g++ -o conftest -g -O2 -omp -I/usr/local/include  conftest.cpp  -L/Library/Frameworks/R.framework/Resources/lib -lRblas >&5
conftest.cpp:11:2: error: unknown type name 'choke'
 choke me
 ^
conftest.cpp:13:10: fatal error: 'omp.h' file not found
#include <omp.h>
         ^~~~~~~
2 errors generated.
:3174: $? = 1
: failed program was:
| /* confdefs.h */
| #define PACKAGE_NAME "DTD"
| #define PACKAGE_TARNAME "dtd"
| #define PACKAGE_VERSION "1.0.0"
| #define PACKAGE_STRING "DTD 1.0.0"
| #define PACKAGE_BUGREPORT ""
| #define PACKAGE_URL ""
| /* end confdefs.h.  */
| 
| #ifndef _OPENMP
|  choke me
| #endif
| #include <omp.h>
| int main () { return omp_get_num_threads (); }
| 
:3174: g++ -o conftest -g -O2 -qsmp=omp -I/usr/local/include  conftest.cpp  -L/Library/Frameworks/R.framework/Resources/lib -lRblas >&5
clang: error: unknown argument: '-qsmp=omp'
:3174: $? = 1
: failed program was:
| /* confdefs.h */
| #define PACKAGE_NAME "DTD"
| #define PACKAGE_TARNAME "dtd"
| #define PACKAGE_VERSION "1.0.0"
| #define PACKAGE_STRING "DTD 1.0.0"
| #define PACKAGE_BUGREPORT ""
| #define PACKAGE_URL ""
| /* end confdefs.h.  */
| 
| #ifndef _OPENMP
|  choke me
| #endif
| #include <omp.h>
| int main () { return omp_get_num_threads (); }
| 
:3174: g++ -o conftest -g -O2 -homp -I/usr/local/include  conftest.cpp  -L/Library/Frameworks/R.framework/Resources/lib -lRblas >&5
clang: error: unknown argument: '-homp'
:3174: $? = 1
: failed program was:
| /* confdefs.h */
| #define PACKAGE_NAME "DTD"
| #define PACKAGE_TARNAME "dtd"
| #define PACKAGE_VERSION "1.0.0"
| #define PACKAGE_STRING "DTD 1.0.0"
| #define PACKAGE_BUGREPORT ""
| #define PACKAGE_URL ""
| /* end confdefs.h.  */
| 
| #ifndef _OPENMP
|  choke me
| #endif
| #include <omp.h>
| int main () { return omp_get_num_threads (); }
| 
:3174: g++ -o conftest -g -O2 -Popenmp -I/usr/local/include  conftest.cpp  -L/Library/Frameworks/R.framework/Resources/lib -lRblas >&5
clang: error: unknown argument '-Popenmp', did you mean '-fopenmp='?
:3174: $? = 1
: failed program was:
| /* confdefs.h */
| #define PACKAGE_NAME "DTD"
| #define PACKAGE_TARNAME "dtd"
| #define PACKAGE_VERSION "1.0.0"
| #define PACKAGE_STRING "DTD 1.0.0"
| #define PACKAGE_BUGREPORT ""
| #define PACKAGE_URL ""
| /* end confdefs.h.  */
| 
| #ifndef _OPENMP
|  choke me
| #endif
| #include <omp.h>
| int main () { return omp_get_num_threads (); }
| 
:3174: g++ -o conftest -g -O2 --openmp -I/usr/local/include  conftest.cpp  -L/Library/Frameworks/R.framework/Resources/lib -lRblas >&5
clang: error: unsupported option '--openmp', did you mean '-fopenmp='?
:3174: $? = 1
: failed program was:
| /* confdefs.h */
| #define PACKAGE_NAME "DTD"
| #define PACKAGE_TARNAME "dtd"
| #define PACKAGE_VERSION "1.0.0"
| #define PACKAGE_STRING "DTD 1.0.0"
| #define PACKAGE_BUGREPORT ""
| #define PACKAGE_URL ""
| /* end confdefs.h.  */
| 
| #ifndef _OPENMP
|  choke me
| #endif
| #include <omp.h>
| int main () { return omp_get_num_threads (); }
| 
:3188: result: unsupported
:3356: creating ./config.status

## ---------------------- ##
## Running config.status. ##
## ---------------------- ##

This file was extended by DTD config.status 1.0.0, which was
generated by GNU Autoconf 2.69.  Invocation command line was

  CONFIG_FILES    = 
  CONFIG_HEADERS  = 
  CONFIG_LINKS    = 
  CONFIG_COMMANDS = 
  $ ./config.status 

on wlanhome183184.uni-regensburg.de

config.status:727: creating src/Makevars

## ---------------- ##
## Cache variables. ##
## ---------------- ##

ac_cv_c_compiler_gnu=yes
ac_cv_cxx_compiler_gnu=yes
ac_cv_env_CCC_set=
ac_cv_env_CCC_value=
ac_cv_env_CC_set=
ac_cv_env_CC_value=
ac_cv_env_CFLAGS_set=
ac_cv_env_CFLAGS_value=
ac_cv_env_CPPFLAGS_set=
ac_cv_env_CPPFLAGS_value=
ac_cv_env_CPP_set=
ac_cv_env_CPP_value=
ac_cv_env_CXXFLAGS_set=
ac_cv_env_CXXFLAGS_value=
ac_cv_env_CXX_set=
ac_cv_env_CXX_value=
ac_cv_env_LDFLAGS_set=
ac_cv_env_LDFLAGS_value=
ac_cv_env_LIBS_set=
ac_cv_env_LIBS_value=
ac_cv_env_build_alias_set=
ac_cv_env_build_alias_value=
ac_cv_env_host_alias_set=
ac_cv_env_host_alias_value=
ac_cv_env_target_alias_set=
ac_cv_env_target_alias_value=
ac_cv_objext=o
ac_cv_path_git=/usr/bin/git
ac_cv_prog_CPP='clang -E'
ac_cv_prog_ac_ct_CC=clang
ac_cv_prog_ac_ct_CXX=g++
ac_cv_prog_cc_c89=
ac_cv_prog_cc_g=yes
ac_cv_prog_cxx_g=yes
ac_cv_prog_cxx_openmp=unsupported
ac_cv_prog_found_git=yes

## ----------------- ##
## Output variables. ##
## ----------------- ##

CC='clang'
CFLAGS='-Wall -g -O2'
CPP='clang -E'
CPPFLAGS='-I/usr/local/include'
CXX='g++'
CXXFLAGS='-g -O2'
DEFS='-DPACKAGE_NAME=\"DTD\" -DPACKAGE_TARNAME=\"dtd\" -DPACKAGE_VERSION=\"1.0.0\" -DPACKAGE_STRING=\"DTD\ 1.0.0\" -DPACKAGE_BUGREPORT=\"\" -DPACKAGE_URL=\"\"'
DTD_CPPFLAGS=' -I./eigen/ -DEIGEN_USE_BLAS '
ECHO_C='\c'
ECHO_N=''
ECHO_T=''
EXEEXT=''
LDFLAGS=''
LIBOBJS=''
LIBS=' -L/Library/Frameworks/R.framework/Resources/lib -lRblas '
LTLIBOBJS=''
OBJEXT='o'
OPENMP_CXXFLAGS=''
PACKAGE_BUGREPORT=''
PACKAGE_NAME='DTD'
PACKAGE_STRING='DTD 1.0.0'
PACKAGE_TARNAME='dtd'
PACKAGE_URL=''
PACKAGE_VERSION='1.0.0'
PATH_SEPARATOR=':'
SHELL='/bin/sh'
ac_ct_CC='clang'
ac_ct_CXX='g++'
bindir='${exec_prefix}/bin'
build_alias=''
datadir='${datarootdir}'
datarootdir='${prefix}/share'
docdir='${datarootdir}/doc/${PACKAGE_TARNAME}'
dvidir='${docdir}'
exec_prefix='${prefix}'
found_git='yes'
git='/usr/bin/git'
host_alias=''
htmldir='${docdir}'
includedir='${prefix}/include'
infodir='${datarootdir}/info'
libdir='${exec_prefix}/lib'
libexecdir='${exec_prefix}/libexec'
localedir='${datarootdir}/locale'
localstatedir='${prefix}/var'
mandir='${datarootdir}/man'
oldincludedir='/usr/include'
pdfdir='${docdir}'
prefix='/usr/local'
program_transform_name='s,x,x,'
psdir='${docdir}'
sbindir='${exec_prefix}/sbin'
sharedstatedir='${prefix}/com'
sysconfdir='${prefix}/etc'
target_alias=''

## ----------- ##
## confdefs.h. ##
## ----------- ##

/* confdefs.h */
#define PACKAGE_NAME "DTD"
#define PACKAGE_TARNAME "dtd"
#define PACKAGE_VERSION "1.0.0"
#define PACKAGE_STRING "DTD 1.0.0"
#define PACKAGE_BUGREPORT ""
#define PACKAGE_URL ""

: exit 0
